<?xml version="1.0" encoding="UTF-8"?>
<!-- Generated by org.testng.reporters.JUnitReportReporter -->
<testsuite skipped="0" hostname="Toshiba" name="by.epam.javatraining.halavin.taskone.test.ConeTest" tests="23" failures="0" timestamp="09 дек 2018 18:27:50 GMT" time="0.048" errors="0">
  <testcase name="coneGetRadiusTestWhithoutRad" time="0.001" classname="by.epam.javatraining.halavin.taskone.test.ConeTest"/>
  <testcase name="coneSetRadDot" time="0.002" classname="by.epam.javatraining.halavin.taskone.test.ConeTest"/>
  <testcase name="coneGetHeightTestWithoutTop" time="0.001" classname="by.epam.javatraining.halavin.taskone.test.ConeTest"/>
  <testcase name="coneGetRadiusTestWhithoutCentre" time="0.001" classname="by.epam.javatraining.halavin.taskone.test.ConeTest"/>
  <testcase name="coneGetCentreDotException" time="0.003" classname="by.epam.javatraining.halavin.taskone.test.ConeTest"/>
  <testcase name="coneSetTopDot" time="0.001" classname="by.epam.javatraining.halavin.taskone.test.ConeTest"/>
  <testcase name="coneHashCodeTestTrue" time="0.004" classname="by.epam.javatraining.halavin.taskone.test.ConeTest"/>
  <testcase name="coneGetRadDotException" time="0.004" classname="by.epam.javatraining.halavin.taskone.test.ConeTest"/>
  <testcase name="coneHashCodeTestFalse" time="0.002" classname="by.epam.javatraining.halavin.taskone.test.ConeTest"/>
  <testcase name="coneGetFormingWithoutTop" time="0.003" classname="by.epam.javatraining.halavin.taskone.test.ConeTest"/>
  <testcase name="coneGetRadDot" time="0.001" classname="by.epam.javatraining.halavin.taskone.test.ConeTest"/>
  <testcase name="coneGetCentreDot" time="0.002" classname="by.epam.javatraining.halavin.taskone.test.ConeTest"/>
  <testcase name="coneGetHeightTest" time="0.001" classname="by.epam.javatraining.halavin.taskone.test.ConeTest"/>
  <testcase name="coneSetCentreDot" time="0.001" classname="by.epam.javatraining.halavin.taskone.test.ConeTest"/>
  <testcase name="coneToStringTest" time="0.002" classname="by.epam.javatraining.halavin.taskone.test.ConeTest"/>
  <testcase name="coneGetFormingWithoutRad" time="0.008" classname="by.epam.javatraining.halavin.taskone.test.ConeTest"/>
  <testcase name="coneGetForming" time="0.001" classname="by.epam.javatraining.halavin.taskone.test.ConeTest"/>
  <testcase name="coneGetRadiusTest" time="0.001" classname="by.epam.javatraining.halavin.taskone.test.ConeTest"/>
  <testcase name="coneCopyConstructorTest" time="0.001" classname="by.epam.javatraining.halavin.taskone.test.ConeTest"/>
  <testcase name="coneGetTopDotException" time="0.002" classname="by.epam.javatraining.halavin.taskone.test.ConeTest"/>
  <testcase name="coneGetTopDot" time="0.001" classname="by.epam.javatraining.halavin.taskone.test.ConeTest"/>
  <testcase name="coneGetHeightTestWithoutCentre" time="0.001" classname="by.epam.javatraining.halavin.taskone.test.ConeTest"/>
  <testcase name="coneEqualsTest" time="0.004" classname="by.epam.javatraining.halavin.taskone.test.ConeTest"/>
</testsuite> <!-- by.epam.javatraining.halavin.taskone.test.ConeTest -->
