<?xml version="1.0" encoding="UTF-8"?>
<!-- Generated by org.testng.reporters.JUnitReportReporter -->
<testsuite skipped="0" hostname="Toshiba" name="by.epam.javatraining.halavin.taskone.test.ValidatorTest" tests="4" failures="0" timestamp="09 дек 2018 18:27:50 GMT" time="0.011" errors="0">
  <testcase name="validatorDotTest" time="0.004" classname="by.epam.javatraining.halavin.taskone.test.ValidatorTest"/>
  <testcase name="validatorConeTest" time="0.002" classname="by.epam.javatraining.halavin.taskone.test.ValidatorTest"/>
  <testcase name="validatorDotNegTest" time="0.003" classname="by.epam.javatraining.halavin.taskone.test.ValidatorTest"/>
  <testcase name="validatorConeNegTest" time="0.002" classname="by.epam.javatraining.halavin.taskone.test.ValidatorTest"/>
</testsuite> <!-- by.epam.javatraining.halavin.taskone.test.ValidatorTest -->
