<?xml version="1.0" encoding="UTF-8"?>
<!-- Generated by org.testng.reporters.JUnitReportReporter -->
<testsuite skipped="0" hostname="Toshiba" name="by.epam.javatraining.halavin.taskone.test.ConeMethodsTest" tests="12" failures="0" timestamp="09 дек 2018 18:27:50 GMT" time="0.036" errors="0">
  <testcase name="isCoorPlaneTrue" time="0.002" classname="by.epam.javatraining.halavin.taskone.test.ConeMethodsTest"/>
  <testcase name="getSpaceTestException" time="0.002" classname="by.epam.javatraining.halavin.taskone.test.ConeMethodsTest"/>
  <testcase name="getSpaceRatioTestPlateException" time="0.001" classname="by.epam.javatraining.halavin.taskone.test.ConeMethodsTest"/>
  <testcase name="isConeTestFalse" time="0.001" classname="by.epam.javatraining.halavin.taskone.test.ConeMethodsTest"/>
  <testcase name="isCoorPlaneException" time="0.001" classname="by.epam.javatraining.halavin.taskone.test.ConeMethodsTest"/>
  <testcase name="getSpaceTest" time="0.001" classname="by.epam.javatraining.halavin.taskone.test.ConeMethodsTest"/>
  <testcase name="getSpaceRatioTestNotCone" time="0.003" classname="by.epam.javatraining.halavin.taskone.test.ConeMethodsTest"/>
  <testcase name="getSquareTestException" time="0.001" classname="by.epam.javatraining.halavin.taskone.test.ConeMethodsTest"/>
  <testcase name="getSquareTest" time="0.001" classname="by.epam.javatraining.halavin.taskone.test.ConeMethodsTest"/>
  <testcase name="isCoorPlaneFalse" time="0.001" classname="by.epam.javatraining.halavin.taskone.test.ConeMethodsTest"/>
  <testcase name="getSpaceRatio" time="0.021" classname="by.epam.javatraining.halavin.taskone.test.ConeMethodsTest"/>
  <testcase name="isConeTestTrue" time="0.001" classname="by.epam.javatraining.halavin.taskone.test.ConeMethodsTest"/>
</testsuite> <!-- by.epam.javatraining.halavin.taskone.test.ConeMethodsTest -->
